<?xml version="1.0" encoding="UTF-8"?>
<!-- Generated by org.testng.reporters.JUnitReportReporter -->
<testsuite hostname="US-NK0FT9VDYH" failures="0" tests="1" name="org.example.Transformer" time="20.902" errors="0" timestamp="2024-03-03T21:49:48 IST" skipped="0">
  <testcase classname="org.example.Transformer" name="properties" time="20.902"/>
</testsuite> <!-- org.example.Transformer -->
